<?xml version="1.0" encoding="UTF-8"?>
<testsuite xmlns:xsi="http://www.w3.org/2001/XMLSchema-instance" xsi:noNamespaceSchemaLocation="https://maven.apache.org/surefire/maven-surefire-plugin/xsd/surefire-test-report-3.0.xsd" version="3.0" name="com.zelectec.gestioncentros.GestionZelectecApplicationTests" time="8.863" tests="1" errors="0" skipped="0" failures="0">
  <properties>
[...]
</properties>
  <testcase name="contextLoads" classname="com.zelectec.gestioncentros.GestionZelectecApplicationTests" time="0.476">
    <system-out><![CDATA[10:51:43.824 [main] INFO org.springframework.test.context.support.AnnotationConfigContextLoaderUtils -- Could not detect default configuration classes for test class [com.zelectec.gestioncentros.GestionZelectecApplicationTests]: GestionZelectecApplicationTests does not declare any static, non-private, non-final, nested classes annotated with @Configuration.
10:51:43.949 [main] INFO org.springframework.boot.test.context.SpringBootTestContextBootstrapper -- Found @SpringBootConfiguration com.zelectec.gestioncentros.GestionZelectecApplication for test class com.zelectec.gestioncentros.GestionZelectecApplicationTests
10:51:44.173 [main] INFO org.springframework.boot.devtools.restart.RestartApplicationListener -- Restart disabled due to context in which it is running

  .   ____          _            __ _ _
 /\\ / ___'_ __ _ _(_)_ __  __ _ \ \ \ \
( ( )\___ | '_ | '_| | '_ \/ _` | \ \ \ \
 \\/  ___)| |_)| | | | | || (_| |  ) ) ) )
  '  |____| .__|_| |_|_| |_\__, | / / / /
 =========|_|==============|___/=/_/_/_/

 :: Spring Boot ::                (v3.3.3)

2024-11-27T10:51:44.448-05:00  INFO 45620 --- [           main] c.z.g.GestionZelectecApplicationTests    : Starting GestionZelectecApplicationTests using Java 21.0.4 with PID 45620 (started by USER in C:\Users\USER\Documents\programacion\springbot\sistema-centro-tecnico-backend)
2024-11-27T10:51:44.449-05:00  INFO 45620 --- [           main] c.z.g.GestionZelectecApplicationTests    : No active profile set, falling back to 1 default profile: "default"
2024-11-27T10:51:45.409-05:00  INFO 45620 --- [           main] .s.d.r.c.RepositoryConfigurationDelegate : Bootstrapping Spring Data JPA repositories in DEFAULT mode.
2024-11-27T10:51:45.495-05:00  INFO 45620 --- [           main] .s.d.r.c.RepositoryConfigurationDelegate : Finished Spring Data repository scanning in 76 ms. Found 6 JPA repository interfaces.
2024-11-27T10:51:46.187-05:00  INFO 45620 --- [           main] o.hibernate.jpa.internal.util.LogHelper  : HHH000204: Processing PersistenceUnitInfo [name: default]
2024-11-27T10:51:46.268-05:00  INFO 45620 --- [           main] org.hibernate.Version                    : HHH000412: Hibernate ORM core version 6.5.2.Final
2024-11-27T10:51:46.313-05:00  INFO 45620 --- [           main] o.h.c.internal.RegionFactoryInitiator    : HHH000026: Second-level cache disabled
2024-11-27T10:51:46.740-05:00  INFO 45620 --- [           main] o.s.o.j.p.SpringPersistenceUnitInfo      : No LoadTimeWeaver setup: ignoring JPA class transformer
2024-11-27T10:51:46.787-05:00  INFO 45620 --- [           main] com.zaxxer.hikari.HikariDataSource       : HikariPool-1 - Starting...
2024-11-27T10:51:47.472-05:00  INFO 45620 --- [           main] com.zaxxer.hikari.pool.HikariPool        : HikariPool-1 - Added connection org.postgresql.jdbc.PgConnection@55e42684
2024-11-27T10:51:47.472-05:00  INFO 45620 --- [           main] com.zaxxer.hikari.HikariDataSource       : HikariPool-1 - Start completed.
2024-11-27T10:51:48.760-05:00  INFO 45620 --- [           main] o.h.e.t.j.p.i.JtaPlatformInitiator       : HHH000489: No JTA platform available (set 'hibernate.transaction.jta.platform' to enable JTA platform integration)
2024-11-27T10:51:50.019-05:00  INFO 45620 --- [           main] j.LocalContainerEntityManagerFactoryBean : Initialized JPA EntityManagerFactory for persistence unit 'default'
2024-11-27T10:51:50.450-05:00  INFO 45620 --- [           main] r$InitializeUserDetailsManagerConfigurer : Global AuthenticationManager configured with UserDetailsService bean with name userDetailsServiceImpl
2024-11-27T10:51:50.579-05:00  INFO 45620 --- [           main] o.s.d.j.r.query.QueryEnhancerFactory     : Hibernate is in classpath; If applicable, HQL parser will be used.
2024-11-27T10:51:51.992-05:00  INFO 45620 --- [           main] c.z.g.GestionZelectecApplicationTests    : Started GestionZelectecApplicationTests in 7.845 seconds (process running for 8.888)
]]></system-out>
    <system-err><![CDATA[WARNING: A Java agent has been loaded dynamically (C:\Users\USER\.m2\repository\net\bytebuddy\byte-buddy-agent\1.14.19\byte-buddy-agent-1.14.19.jar)
WARNING: If a serviceability tool is in use, please run with -XX:+EnableDynamicAgentLoading to hide this warning
WARNING: If a serviceability tool is not in use, please run with -Djdk.instrument.traceUsage for more information
WARNING: Dynamic loading of agents will be disallowed by default in a future release
]]></system-err>
  </testcase>
</testsuite>